-------------------------------------------------------------------------------
Test set: in.chandrbhan.EmployeeManagementSystemProjectApplicationTests
-------------------------------------------------------------------------------
Tests run: 1, Failures: 0, Errors: 1, Skipped: 0, Time elapsed: 0.254 s <<< FAILURE! - in in.chandrbhan.EmployeeManagementSystemProjectApplicationTests
in.chandrbhan.EmployeeManagementSystemProjectApplicationTests  Time elapsed: 0.252 s  <<< ERROR!
java.lang.IllegalStateException: Unable to find a @SpringBootConfiguration, you need to use @ContextConfiguration or @SpringBootTest(classes=...) with your test

